<?xml version="1.0" encoding="UTF-8"?>
<testng-results ignored="0" total="1" passed="1" failed="0" skipped="0">
  <reporter-output>
  </reporter-output>
  <suite started-at="٢٠٢٥-٠٥-١١T١٩:٥٩:٠٥ EEST" name="Default suite" finished-at="٢٠٢٥-٠٥-١١T١٩:٥٩:١٤ EEST" duration-ms="9190">
    <groups>
    </groups>
    <test started-at="٢٠٢٥-٠٥-١١T١٩:٥٩:٠٥ EEST" name="Default test" finished-at="٢٠٢٥-٠٥-١١T١٩:٥٩:١٤ EEST" duration-ms="9190">
      <class name="Maven_Project.Automation_Project.RegisterNegativeScenario">
        <test-method is-config="true" signature="openBrowser()[pri:0, instance:Maven_Project.Automation_Project.RegisterNegativeScenario@3f6db3fb]" started-at="٢٠٢٥-٠٥-١١T١٩:٥٩:٠٥ EEST" name="openBrowser" finished-at="٢٠٢٥-٠٥-١١T١٩:٥٩:١١ EEST" duration-ms="6766" status="PASS">
          <reporter-output>
          </reporter-output>
        </test-method> <!-- openBrowser -->
        <test-method signature="Register_ExistEmail()[pri:2, instance:Maven_Project.Automation_Project.RegisterNegativeScenario@3f6db3fb]" started-at="٢٠٢٥-٠٥-١١T١٩:٥٩:١١ EEST" name="Register_ExistEmail" finished-at="٢٠٢٥-٠٥-١١T١٩:٥٩:١٣ EEST" duration-ms="2046" status="PASS">
          <reporter-output>
          </reporter-output>
        </test-method> <!-- Register_ExistEmail -->
        <test-method is-config="true" signature="closeBrowser()[pri:0, instance:Maven_Project.Automation_Project.RegisterNegativeScenario@3f6db3fb]" started-at="٢٠٢٥-٠٥-١١T١٩:٥٩:١٣ EEST" name="closeBrowser" finished-at="٢٠٢٥-٠٥-١١T١٩:٥٩:١٤ EEST" duration-ms="296" status="PASS">
          <reporter-output>
          </reporter-output>
        </test-method> <!-- closeBrowser -->
      </class> <!-- Maven_Project.Automation_Project.RegisterNegativeScenario -->
    </test> <!-- Default test -->
  </suite> <!-- Default suite -->
</testng-results>
